<?xml version="1.0" encoding="UTF-8"?>
<!-- Generated by org.testng.reporters.JUnitXMLReporter -->
<testsuite ignored="0" hostname="DESKTOP-RFLLK8D" failures="1" tests="4" name="The Pink Foundry Test on Desktop Chrome" time="234.691" errors="0" timestamp="2023-12-06T18:38:57 IST">
  <testcase classname="lambdaTestcase.TPF_Desktop" name="verifyLoginTest" time="40.914"/>
  <testcase classname="lambdaTestcase.TPF_Desktop" name="guestUserJourneyTest" time="34.41"/>
  <testcase classname="lambdaTestcase.TPF_Desktop" name="registeredUserJourneyTest" time="56.884">
    <failure type="org.openqa.selenium.StaleElementReferenceException" message="stale element reference: stale element not found
  (Session info: chrome=119.0.6045.106)
For documentation on this error, please visit: https://www.selenium.dev/documentation/webdriver/troubleshooting/errors#stale-element-reference-exception
Build info: version: &amp;apos;4.14.1&amp;apos;, revision: &amp;apos;03f8ede370&amp;apos;
System info: os.name: &amp;apos;Windows 11&amp;apos;, os.arch: &amp;apos;amd64&amp;apos;, os.version: &amp;apos;10.0&amp;apos;, java.version: &amp;apos;20.0.2&amp;apos;
Driver info: org.openqa.selenium.remote.RemoteWebDriver
Command: [D2I7N-XGNPH-GE5XJ-AA5KZ, clickElement {id=BF127034C6322B3C605C83308FA3B047_element_213}]
Capabilities {acceptInsecureCerts: true, browserName: chrome, browserVersion: 119.0, chrome: {chromedriverVersion: 119.0, userDataDir: &amp;quot;C:\\Windows\\proxy\\scoped...}, goog:chromeOptions: {debuggerAddress: }, networkConnectionEnabled: false, pageLoadStrategy: normal, platformName: Windows 11, proxy: Proxy(), se:bidiEnabled: false, setWindowRect: true, strictFileInteractability: false, timeouts: {implicit: 0, pageLoad: 300000, script: 30000}, unhandledPromptBehavior: dismiss and notify, webauthn:extension:credBlob: true, webauthn:extension:largeBlob: true, webauthn:virtualAuthenticators: true, webdriver.remote.sessionid: D2I7N-XGNPH-GE5XJ-AA5KZ}
Element: [[RemoteWebDriver: chrome on Windows 11 (D2I7N-XGNPH-GE5XJ-AA5KZ)] -&amp;gt; xpath: //div[@class=&amp;apos;magic_checkout_cart&amp;apos;]]
Session ID: D2I7N-XGNPH-GE5XJ-AA5KZ">
      <![CDATA[org.openqa.selenium.StaleElementReferenceException: stale element reference: stale element not found
  (Session info: chrome=119.0.6045.106)
For documentation on this error, please visit: https://www.selenium.dev/documentation/webdriver/troubleshooting/errors#stale-element-reference-exception
Build info: version: '4.14.1', revision: '03f8ede370'
System info: os.name: 'Windows 11', os.arch: 'amd64', os.version: '10.0', java.version: '20.0.2'
Driver info: org.openqa.selenium.remote.RemoteWebDriver
Command: [D2I7N-XGNPH-GE5XJ-AA5KZ, clickElement {id=BF127034C6322B3C605C83308FA3B047_element_213}]
Capabilities {acceptInsecureCerts: true, browserName: chrome, browserVersion: 119.0, chrome: {chromedriverVersion: 119.0, userDataDir: "C:\\Windows\\proxy\\scoped...}, goog:chromeOptions: {debuggerAddress: }, networkConnectionEnabled: false, pageLoadStrategy: normal, platformName: Windows 11, proxy: Proxy(), se:bidiEnabled: false, setWindowRect: true, strictFileInteractability: false, timeouts: {implicit: 0, pageLoad: 300000, script: 30000}, unhandledPromptBehavior: dismiss and notify, webauthn:extension:credBlob: true, webauthn:extension:largeBlob: true, webauthn:virtualAuthenticators: true, webdriver.remote.sessionid: D2I7N-XGNPH-GE5XJ-AA5KZ}
Element: [[RemoteWebDriver: chrome on Windows 11 (D2I7N-XGNPH-GE5XJ-AA5KZ)] -> xpath: //div[@class='magic_checkout_cart']]
Session ID: D2I7N-XGNPH-GE5XJ-AA5KZ
at org.openqa.selenium.remote.codec.w3c.W3CHttpResponseCodec.createException(W3CHttpResponseCodec.java:200)
at org.openqa.selenium.remote.codec.w3c.W3CHttpResponseCodec.decode(W3CHttpResponseCodec.java:133)
at org.openqa.selenium.remote.codec.w3c.W3CHttpResponseCodec.decode(W3CHttpResponseCodec.java:52)
at org.openqa.selenium.remote.HttpCommandExecutor.execute(HttpCommandExecutor.java:191)
at org.openqa.selenium.remote.TracedCommandExecutor.execute(TracedCommandExecutor.java:51)
at org.openqa.selenium.remote.RemoteWebDriver.execute(RemoteWebDriver.java:602)
at org.openqa.selenium.remote.RemoteWebElement.execute(RemoteWebElement.java:224)
at org.openqa.selenium.remote.RemoteWebElement.click(RemoteWebElement.java:77)
at lambdaTestcase.TPF_Desktop.registeredUserJourneyTest(TPF_Desktop.java:186)
at java.base/java.util.ArrayList.forEach(ArrayList.java:1511)
... Removed 28 stack frames]]>
    </failure>
  </testcase> <!-- registeredUserJourneyTest -->
  <testcase classname="lambdaTestcase.TPF_Desktop" name="soldOutProductTest" time="11.626"/>
</testsuite> <!-- The Pink Foundry Test on Desktop Chrome -->
